[0.011s] Invoking command in '/home/samuele-isaia/università/RT1/ros_ws/build/assignment1_rt': CMAKE_PREFIX_PATH=${CMAKE_PREFIX_PATH}:/opt/ros/jazzy DEBUGINFOD_URLS=https://debuginfod.ubuntu.com /usr/bin/cmake /home/samuele-isaia/università/RT1/ros_ws/src/assignment1_rt -DCMAKE_INSTALL_PREFIX=/home/samuele-isaia/università/RT1/ros_ws/install/assignment1_rt
[0.141s] -- Found ament_cmake: 2.5.4 (/opt/ros/jazzy/share/ament_cmake/cmake)
[0.405s] -- Found Python3: /usr/bin/python3 (found version "3.12.3") found components: Interpreter 
[0.770s] -- Found rclcpp: 28.1.13 (/opt/ros/jazzy/share/rclcpp/cmake)
[1.012s] -- Found rosidl_generator_c: 4.6.6 (/opt/ros/jazzy/share/rosidl_generator_c/cmake)
[1.091s] -- Found rosidl_generator_cpp: 4.6.6 (/opt/ros/jazzy/share/rosidl_generator_cpp/cmake)
[1.215s] -- Using all available rosidl_typesupport_c: rosidl_typesupport_fastrtps_c;rosidl_typesupport_introspection_c
[1.331s] -- Using all available rosidl_typesupport_cpp: rosidl_typesupport_fastrtps_cpp;rosidl_typesupport_introspection_cpp
[1.737s] -- Found rmw_implementation_cmake: 7.3.2 (/opt/ros/jazzy/share/rmw_implementation_cmake/cmake)
[1.758s] -- Found rmw_fastrtps_cpp: 8.4.3 (/opt/ros/jazzy/share/rmw_fastrtps_cpp/cmake)
[2.195s] -- Found OpenSSL: /usr/lib/x86_64-linux-gnu/libcrypto.so (found version "3.0.13")  
[2.259s] -- Found FastRTPS: /opt/ros/jazzy/include (Required is at least version "2.13") 
[2.284s] -- Using RMW implementation 'rmw_fastrtps_cpp' as default
[2.554s] -- Found turtlesim: 1.8.3 (/opt/ros/jazzy/share/turtlesim/cmake)
[2.706s] -- Found geometry_msgs: 5.3.6 (/opt/ros/jazzy/share/geometry_msgs/cmake)
[2.784s] -- Found ament_lint_auto: 0.17.3 (/opt/ros/jazzy/share/ament_lint_auto/cmake)
[3.071s] -- Added test 'cppcheck' to perform static code analysis on C / C++ code
[3.071s] -- Configured cppcheck include dirs: 
[3.072s] -- Configured cppcheck exclude dirs and/or files: 
[3.078s] -- Added test 'flake8' to check Python code syntax and style conventions
[3.078s] -- Configured 'flake8' exclude dirs and/or files: 
[3.099s] -- Added test 'lint_cmake' to check CMake code style
[3.112s] -- Added test 'pep257' to check Python code against some of the docstring style conventions in PEP 257
[3.138s] -- Added test 'uncrustify' to check C / C++ code style
[3.138s] -- Configured uncrustify additional arguments: 
[3.152s] -- Added test 'xmllint' to check XML markup files
[3.172s] -- Configuring done (3.2s)
[3.243s] -- Generating done (0.0s)
[3.248s] -- Build files have been written to: /home/samuele-isaia/università/RT1/ros_ws/build/assignment1_rt
[3.257s] Invoked command in '/home/samuele-isaia/università/RT1/ros_ws/build/assignment1_rt' returned '0': CMAKE_PREFIX_PATH=${CMAKE_PREFIX_PATH}:/opt/ros/jazzy DEBUGINFOD_URLS=https://debuginfod.ubuntu.com /usr/bin/cmake /home/samuele-isaia/università/RT1/ros_ws/src/assignment1_rt -DCMAKE_INSTALL_PREFIX=/home/samuele-isaia/università/RT1/ros_ws/install/assignment1_rt
[3.259s] Invoking command in '/home/samuele-isaia/università/RT1/ros_ws/build/assignment1_rt': CMAKE_PREFIX_PATH=${CMAKE_PREFIX_PATH}:/opt/ros/jazzy DEBUGINFOD_URLS=https://debuginfod.ubuntu.com /usr/bin/cmake --build /home/samuele-isaia/università/RT1/ros_ws/build/assignment1_rt -- -j16 -l16
[3.320s] [ 50%] [32mBuilding CXX object CMakeFiles/distance.dir/src/distance_node.cpp.o[0m
[3.321s] [ 50%] [32mBuilding CXX object CMakeFiles/ui.dir/src/ui_node.cpp.o[0m
[14.321s] [ 75%] [32m[1mLinking CXX executable ui[0m
[15.798s] [ 75%] Built target ui
[22.269s] [100%] [32m[1mLinking CXX executable distance[0m
[22.894s] [100%] Built target distance
[22.908s] Invoked command in '/home/samuele-isaia/università/RT1/ros_ws/build/assignment1_rt' returned '0': CMAKE_PREFIX_PATH=${CMAKE_PREFIX_PATH}:/opt/ros/jazzy DEBUGINFOD_URLS=https://debuginfod.ubuntu.com /usr/bin/cmake --build /home/samuele-isaia/università/RT1/ros_ws/build/assignment1_rt -- -j16 -l16
[22.922s] Invoking command in '/home/samuele-isaia/università/RT1/ros_ws/build/assignment1_rt': CMAKE_PREFIX_PATH=${CMAKE_PREFIX_PATH}:/opt/ros/jazzy DEBUGINFOD_URLS=https://debuginfod.ubuntu.com /usr/bin/cmake --install /home/samuele-isaia/università/RT1/ros_ws/build/assignment1_rt
[22.930s] -- Install configuration: ""
[22.930s] -- Installing: /home/samuele-isaia/università/RT1/ros_ws/install/assignment1_rt/lib/assignment1_rt/ui
[22.932s] -- Set non-toolchain portion of runtime path of "/home/samuele-isaia/università/RT1/ros_ws/install/assignment1_rt/lib/assignment1_rt/ui" to ""
[22.932s] -- Installing: /home/samuele-isaia/università/RT1/ros_ws/install/assignment1_rt/lib/assignment1_rt/distance
[22.942s] -- Set non-toolchain portion of runtime path of "/home/samuele-isaia/università/RT1/ros_ws/install/assignment1_rt/lib/assignment1_rt/distance" to ""
[22.942s] -- Installing: /home/samuele-isaia/università/RT1/ros_ws/install/assignment1_rt/lib/assignment1_rt/spawn.py
[22.942s] -- Installing: /home/samuele-isaia/università/RT1/ros_ws/install/assignment1_rt/share/ament_index/resource_index/package_run_dependencies/assignment1_rt
[22.942s] -- Installing: /home/samuele-isaia/università/RT1/ros_ws/install/assignment1_rt/share/ament_index/resource_index/parent_prefix_path/assignment1_rt
[22.943s] -- Installing: /home/samuele-isaia/università/RT1/ros_ws/install/assignment1_rt/share/assignment1_rt/environment/ament_prefix_path.sh
[22.943s] -- Installing: /home/samuele-isaia/università/RT1/ros_ws/install/assignment1_rt/share/assignment1_rt/environment/ament_prefix_path.dsv
[22.943s] -- Installing: /home/samuele-isaia/università/RT1/ros_ws/install/assignment1_rt/share/assignment1_rt/environment/path.sh
[22.943s] -- Installing: /home/samuele-isaia/università/RT1/ros_ws/install/assignment1_rt/share/assignment1_rt/environment/path.dsv
[22.944s] -- Installing: /home/samuele-isaia/università/RT1/ros_ws/install/assignment1_rt/share/assignment1_rt/local_setup.bash
[22.944s] -- Installing: /home/samuele-isaia/università/RT1/ros_ws/install/assignment1_rt/share/assignment1_rt/local_setup.sh
[22.944s] -- Installing: /home/samuele-isaia/università/RT1/ros_ws/install/assignment1_rt/share/assignment1_rt/local_setup.zsh
[22.944s] -- Installing: /home/samuele-isaia/università/RT1/ros_ws/install/assignment1_rt/share/assignment1_rt/local_setup.dsv
[22.945s] -- Installing: /home/samuele-isaia/università/RT1/ros_ws/install/assignment1_rt/share/assignment1_rt/package.dsv
[22.945s] -- Installing: /home/samuele-isaia/università/RT1/ros_ws/install/assignment1_rt/share/ament_index/resource_index/packages/assignment1_rt
[22.945s] -- Installing: /home/samuele-isaia/università/RT1/ros_ws/install/assignment1_rt/share/assignment1_rt/cmake/assignment1_rtConfig.cmake
[22.945s] -- Installing: /home/samuele-isaia/università/RT1/ros_ws/install/assignment1_rt/share/assignment1_rt/cmake/assignment1_rtConfig-version.cmake
[22.945s] -- Installing: /home/samuele-isaia/università/RT1/ros_ws/install/assignment1_rt/share/assignment1_rt/package.xml
[22.948s] Invoked command in '/home/samuele-isaia/università/RT1/ros_ws/build/assignment1_rt' returned '0': CMAKE_PREFIX_PATH=${CMAKE_PREFIX_PATH}:/opt/ros/jazzy DEBUGINFOD_URLS=https://debuginfod.ubuntu.com /usr/bin/cmake --install /home/samuele-isaia/università/RT1/ros_ws/build/assignment1_rt
