[0.083s] DEBUG:colcon:Command line arguments: ['/usr/bin/colcon', 'build']
[0.083s] DEBUG:colcon:Parsed command line arguments: Namespace(log_base=None, log_level=None, verb_name='build', build_base='build', install_base='install', merge_install=False, symlink_install=False, test_result_base=None, continue_on_error=False, executor='parallel', parallel_workers=16, event_handlers=None, ignore_user_meta=False, metas=['./colcon.meta'], base_paths=['.'], packages_ignore=None, packages_ignore_regex=None, paths=None, packages_up_to=None, packages_up_to_regex=None, packages_above=None, packages_above_and_dependencies=None, packages_above_depth=None, packages_select_by_dep=None, packages_skip_by_dep=None, packages_skip_up_to=None, packages_select_build_failed=False, packages_skip_build_finished=False, packages_select_test_failures=False, packages_skip_test_passed=False, packages_select=None, packages_skip=None, packages_select_regex=None, packages_skip_regex=None, packages_start=None, packages_end=None, allow_overriding=[], cmake_args=None, cmake_target=None, cmake_target_skip_unavailable=False, cmake_clean_cache=False, cmake_clean_first=False, cmake_force_configure=False, ament_cmake_args=None, catkin_cmake_args=None, catkin_skip_building_tests=False, mixin_files=None, mixin=None, verb_parser=<colcon_mixin.mixin.mixin_argument.MixinArgumentDecorator object at 0x72cc6ca4a930>, verb_extension=<colcon_core.verb.build.BuildVerb object at 0x72cc6cbf0590>, main=<bound method BuildVerb.main of <colcon_core.verb.build.BuildVerb object at 0x72cc6cbf0590>>, mixin_verb=('build',))
[0.117s] Level 1:colcon.colcon_core.package_discovery:discover_packages(colcon_meta) check parameters
[0.117s] Level 1:colcon.colcon_core.package_discovery:discover_packages(recursive) check parameters
[0.117s] Level 1:colcon.colcon_core.package_discovery:discover_packages(ignore) check parameters
[0.117s] Level 1:colcon.colcon_core.package_discovery:discover_packages(path) check parameters
[0.117s] Level 1:colcon.colcon_core.package_discovery:discover_packages(colcon_meta) discover
[0.117s] Level 1:colcon.colcon_core.package_discovery:discover_packages(recursive) discover
[0.117s] INFO:colcon.colcon_core.package_discovery:Crawling recursively for packages in '/home/samuele-isaia/università/RT1/ros_ws'
[0.117s] Level 1:colcon.colcon_core.package_identification:_identify(.) by extensions ['ignore', 'ignore_ament_install']
[0.117s] Level 1:colcon.colcon_core.package_identification:_identify(.) by extension 'ignore'
[0.117s] Level 1:colcon.colcon_core.package_identification:_identify(.) by extension 'ignore_ament_install'
[0.117s] Level 1:colcon.colcon_core.package_identification:_identify(.) by extensions ['colcon_pkg']
[0.117s] Level 1:colcon.colcon_core.package_identification:_identify(.) by extension 'colcon_pkg'
[0.117s] Level 1:colcon.colcon_core.package_identification:_identify(.) by extensions ['colcon_meta']
[0.117s] Level 1:colcon.colcon_core.package_identification:_identify(.) by extension 'colcon_meta'
[0.117s] Level 1:colcon.colcon_core.package_identification:_identify(.) by extensions ['ros']
[0.117s] Level 1:colcon.colcon_core.package_identification:_identify(.) by extension 'ros'
[0.139s] Level 1:colcon.colcon_core.package_identification:_identify(.) by extensions ['cmake', 'python']
[0.139s] Level 1:colcon.colcon_core.package_identification:_identify(.) by extension 'cmake'
[0.139s] Level 1:colcon.colcon_core.package_identification:_identify(.) by extension 'python'
[0.139s] Level 1:colcon.colcon_core.package_identification:_identify(.) by extensions ['python_setup_py']
[0.139s] Level 1:colcon.colcon_core.package_identification:_identify(.) by extension 'python_setup_py'
[0.139s] Level 1:colcon.colcon_core.package_identification:_identify(build) by extensions ['ignore', 'ignore_ament_install']
[0.139s] Level 1:colcon.colcon_core.package_identification:_identify(build) by extension 'ignore'
[0.140s] Level 1:colcon.colcon_core.package_identification:_identify(build) ignored
[0.140s] Level 1:colcon.colcon_core.package_identification:_identify(install) by extensions ['ignore', 'ignore_ament_install']
[0.140s] Level 1:colcon.colcon_core.package_identification:_identify(install) by extension 'ignore'
[0.140s] Level 1:colcon.colcon_core.package_identification:_identify(install) ignored
[0.140s] Level 1:colcon.colcon_core.package_identification:_identify(log) by extensions ['ignore', 'ignore_ament_install']
[0.140s] Level 1:colcon.colcon_core.package_identification:_identify(log) by extension 'ignore'
[0.140s] Level 1:colcon.colcon_core.package_identification:_identify(log) ignored
[0.140s] Level 1:colcon.colcon_core.package_identification:_identify(src) by extensions ['ignore', 'ignore_ament_install']
[0.140s] Level 1:colcon.colcon_core.package_identification:_identify(src) by extension 'ignore'
[0.140s] Level 1:colcon.colcon_core.package_identification:_identify(src) by extension 'ignore_ament_install'
[0.140s] Level 1:colcon.colcon_core.package_identification:_identify(src) by extensions ['colcon_pkg']
[0.140s] Level 1:colcon.colcon_core.package_identification:_identify(src) by extension 'colcon_pkg'
[0.140s] Level 1:colcon.colcon_core.package_identification:_identify(src) by extensions ['colcon_meta']
[0.140s] Level 1:colcon.colcon_core.package_identification:_identify(src) by extension 'colcon_meta'
[0.140s] Level 1:colcon.colcon_core.package_identification:_identify(src) by extensions ['ros']
[0.140s] Level 1:colcon.colcon_core.package_identification:_identify(src) by extension 'ros'
[0.140s] Level 1:colcon.colcon_core.package_identification:_identify(src) by extensions ['cmake', 'python']
[0.140s] Level 1:colcon.colcon_core.package_identification:_identify(src) by extension 'cmake'
[0.140s] Level 1:colcon.colcon_core.package_identification:_identify(src) by extension 'python'
[0.140s] Level 1:colcon.colcon_core.package_identification:_identify(src) by extensions ['python_setup_py']
[0.140s] Level 1:colcon.colcon_core.package_identification:_identify(src) by extension 'python_setup_py'
[0.140s] Level 1:colcon.colcon_core.package_identification:_identify(src/assignment1_rt) by extensions ['ignore', 'ignore_ament_install']
[0.140s] Level 1:colcon.colcon_core.package_identification:_identify(src/assignment1_rt) by extension 'ignore'
[0.141s] Level 1:colcon.colcon_core.package_identification:_identify(src/assignment1_rt) by extension 'ignore_ament_install'
[0.141s] Level 1:colcon.colcon_core.package_identification:_identify(src/assignment1_rt) by extensions ['colcon_pkg']
[0.141s] Level 1:colcon.colcon_core.package_identification:_identify(src/assignment1_rt) by extension 'colcon_pkg'
[0.141s] Level 1:colcon.colcon_core.package_identification:_identify(src/assignment1_rt) by extensions ['colcon_meta']
[0.141s] Level 1:colcon.colcon_core.package_identification:_identify(src/assignment1_rt) by extension 'colcon_meta'
[0.141s] Level 1:colcon.colcon_core.package_identification:_identify(src/assignment1_rt) by extensions ['ros']
[0.141s] Level 1:colcon.colcon_core.package_identification:_identify(src/assignment1_rt) by extension 'ros'
[0.143s] DEBUG:colcon.colcon_core.package_identification:Package 'src/assignment1_rt' with type 'ros.ament_cmake' and name 'assignment1_rt'
[0.143s] Level 1:colcon.colcon_core.package_discovery:discover_packages(recursive) using defaults
[0.143s] Level 1:colcon.colcon_core.package_discovery:discover_packages(ignore) discover
[0.143s] Level 1:colcon.colcon_core.package_discovery:discover_packages(ignore) using defaults
[0.143s] Level 1:colcon.colcon_core.package_discovery:discover_packages(path) discover
[0.143s] Level 1:colcon.colcon_core.package_discovery:discover_packages(path) using defaults
[0.158s] Level 1:colcon.colcon_core.package_discovery:discover_packages(prefix_path) check parameters
[0.158s] Level 1:colcon.colcon_core.package_discovery:discover_packages(prefix_path) discover
[0.158s] WARNING:colcon.colcon_ros.prefix_path.ament:The path '/home/samuele-isaia/università/RT1/ros_ws/install/assignment1_rt' in the environment variable AMENT_PREFIX_PATH doesn't exist
[0.159s] WARNING:colcon.colcon_ros.prefix_path.catkin:The path '/home/samuele-isaia/università/RT1/ros_ws/install/assignment1_rt' in the environment variable CMAKE_PREFIX_PATH doesn't exist
[0.159s] DEBUG:colcon.colcon_installed_package_information.package_discovery:Found 0 installed packages in /home/samuele-isaia/università/RT1/ros_ws/install
[0.159s] Level 1:colcon.colcon_core.package_discovery:discover_packages(prefix_path) using defaults
[0.160s] Level 5:colcon.colcon_core.verb:set package 'assignment1_rt' build argument 'cmake_args' from command line to 'None'
[0.160s] Level 5:colcon.colcon_core.verb:set package 'assignment1_rt' build argument 'cmake_target' from command line to 'None'
[0.160s] Level 5:colcon.colcon_core.verb:set package 'assignment1_rt' build argument 'cmake_target_skip_unavailable' from command line to 'False'
[0.160s] Level 5:colcon.colcon_core.verb:set package 'assignment1_rt' build argument 'cmake_clean_cache' from command line to 'False'
[0.160s] Level 5:colcon.colcon_core.verb:set package 'assignment1_rt' build argument 'cmake_clean_first' from command line to 'False'
[0.160s] Level 5:colcon.colcon_core.verb:set package 'assignment1_rt' build argument 'cmake_force_configure' from command line to 'False'
[0.160s] Level 5:colcon.colcon_core.verb:set package 'assignment1_rt' build argument 'ament_cmake_args' from command line to 'None'
[0.160s] Level 5:colcon.colcon_core.verb:set package 'assignment1_rt' build argument 'catkin_cmake_args' from command line to 'None'
[0.160s] Level 5:colcon.colcon_core.verb:set package 'assignment1_rt' build argument 'catkin_skip_building_tests' from command line to 'False'
[0.160s] DEBUG:colcon.colcon_core.verb:Building package 'assignment1_rt' with the following arguments: {'ament_cmake_args': None, 'build_base': '/home/samuele-isaia/università/RT1/ros_ws/build/assignment1_rt', 'catkin_cmake_args': None, 'catkin_skip_building_tests': False, 'cmake_args': None, 'cmake_clean_cache': False, 'cmake_clean_first': False, 'cmake_force_configure': False, 'cmake_target': None, 'cmake_target_skip_unavailable': False, 'install_base': '/home/samuele-isaia/università/RT1/ros_ws/install/assignment1_rt', 'merge_install': False, 'path': '/home/samuele-isaia/università/RT1/ros_ws/src/assignment1_rt', 'symlink_install': False, 'test_result_base': None}
[0.160s] INFO:colcon.colcon_core.executor:Executing jobs using 'parallel' executor
[0.161s] DEBUG:colcon.colcon_parallel_executor.executor.parallel:run_until_complete
[0.161s] INFO:colcon.colcon_ros.task.ament_cmake.build:Building ROS package in '/home/samuele-isaia/università/RT1/ros_ws/src/assignment1_rt' with build type 'ament_cmake'
[0.161s] INFO:colcon.colcon_cmake.task.cmake.build:Building CMake package in '/home/samuele-isaia/università/RT1/ros_ws/src/assignment1_rt'
[0.163s] INFO:colcon.colcon_core.plugin_system:Skipping extension 'colcon_core.shell.bat': Not used on non-Windows systems
[0.163s] INFO:colcon.colcon_core.shell:Skip shell extension 'powershell' for command environment: Not usable outside of PowerShell
[0.163s] DEBUG:colcon.colcon_core.shell:Skip shell extension 'dsv' for command environment
[0.170s] DEBUG:colcon.colcon_core.event_handler.log_command:Invoking command in '/home/samuele-isaia/università/RT1/ros_ws/build/assignment1_rt': DEBUGINFOD_URLS=https://debuginfod.ubuntu.com /usr/bin/cmake /home/samuele-isaia/università/RT1/ros_ws/src/assignment1_rt -DCMAKE_INSTALL_PREFIX=/home/samuele-isaia/università/RT1/ros_ws/install/assignment1_rt
[4.154s] DEBUG:colcon.colcon_core.event_handler.log_command:Invoked command in '/home/samuele-isaia/università/RT1/ros_ws/build/assignment1_rt' returned '1': DEBUGINFOD_URLS=https://debuginfod.ubuntu.com /usr/bin/cmake /home/samuele-isaia/università/RT1/ros_ws/src/assignment1_rt -DCMAKE_INSTALL_PREFIX=/home/samuele-isaia/università/RT1/ros_ws/install/assignment1_rt
[4.168s] Level 1:colcon.colcon_core.environment:create_environment_scripts_only(assignment1_rt)
[4.169s] Level 1:colcon.colcon_core.environment:checking '/home/samuele-isaia/università/RT1/ros_ws/install/assignment1_rt' for CMake module files
[4.170s] Level 1:colcon.colcon_core.environment:checking '/home/samuele-isaia/università/RT1/ros_ws/install/assignment1_rt' for CMake config files
[4.170s] Level 1:colcon.colcon_core.environment:checking '/home/samuele-isaia/università/RT1/ros_ws/install/assignment1_rt/bin'
[4.170s] Level 1:colcon.colcon_core.environment:checking '/home/samuele-isaia/università/RT1/ros_ws/install/assignment1_rt/lib/pkgconfig/assignment1_rt.pc'
[4.172s] Level 1:colcon.colcon_core.environment:checking '/home/samuele-isaia/università/RT1/ros_ws/install/assignment1_rt/lib/python3.12/site-packages'
[4.172s] Level 1:colcon.colcon_core.environment:checking '/home/samuele-isaia/università/RT1/ros_ws/install/assignment1_rt/bin'
[4.172s] INFO:colcon.colcon_core.shell:Creating package script '/home/samuele-isaia/università/RT1/ros_ws/install/assignment1_rt/share/assignment1_rt/package.ps1'
[4.173s] INFO:colcon.colcon_core.shell:Creating package descriptor '/home/samuele-isaia/università/RT1/ros_ws/install/assignment1_rt/share/assignment1_rt/package.dsv'
[4.173s] INFO:colcon.colcon_core.shell:Creating package script '/home/samuele-isaia/università/RT1/ros_ws/install/assignment1_rt/share/assignment1_rt/package.sh'
[4.174s] INFO:colcon.colcon_core.shell:Creating package script '/home/samuele-isaia/università/RT1/ros_ws/install/assignment1_rt/share/assignment1_rt/package.bash'
[4.174s] INFO:colcon.colcon_core.shell:Creating package script '/home/samuele-isaia/università/RT1/ros_ws/install/assignment1_rt/share/assignment1_rt/package.zsh'
[4.175s] Level 1:colcon.colcon_core.environment:create_file_with_runtime_dependencies(/home/samuele-isaia/università/RT1/ros_ws/install/assignment1_rt/share/colcon-core/packages/assignment1_rt)
[4.185s] DEBUG:colcon.colcon_parallel_executor.executor.parallel:closing loop
[4.185s] DEBUG:colcon.colcon_parallel_executor.executor.parallel:loop closed
[4.185s] DEBUG:colcon.colcon_parallel_executor.executor.parallel:run_until_complete finished with '1'
[4.185s] DEBUG:colcon.colcon_core.event_reactor:joining thread
[4.197s] INFO:colcon.colcon_core.plugin_system:Skipping extension 'colcon_notification.desktop_notification.terminal_notifier': Not used on non-Darwin systems
[4.198s] INFO:colcon.colcon_core.plugin_system:Skipping extension 'colcon_notification.desktop_notification.win32': Not used on non-Windows systems
[4.198s] INFO:colcon.colcon_notification.desktop_notification:Sending desktop notification using 'notify2'
[4.214s] DEBUG:colcon.colcon_core.event_reactor:joined thread
[4.214s] INFO:colcon.colcon_core.shell:Creating prefix script '/home/samuele-isaia/università/RT1/ros_ws/install/local_setup.ps1'
[4.215s] INFO:colcon.colcon_core.shell:Creating prefix util module '/home/samuele-isaia/università/RT1/ros_ws/install/_local_setup_util_ps1.py'
[4.218s] INFO:colcon.colcon_core.shell:Creating prefix chain script '/home/samuele-isaia/università/RT1/ros_ws/install/setup.ps1'
[4.219s] INFO:colcon.colcon_core.shell:Creating prefix script '/home/samuele-isaia/università/RT1/ros_ws/install/local_setup.sh'
[4.220s] INFO:colcon.colcon_core.shell:Creating prefix util module '/home/samuele-isaia/università/RT1/ros_ws/install/_local_setup_util_sh.py'
[4.221s] INFO:colcon.colcon_core.shell:Creating prefix chain script '/home/samuele-isaia/università/RT1/ros_ws/install/setup.sh'
[4.222s] INFO:colcon.colcon_core.shell:Creating prefix script '/home/samuele-isaia/università/RT1/ros_ws/install/local_setup.bash'
[4.223s] INFO:colcon.colcon_core.shell:Creating prefix chain script '/home/samuele-isaia/università/RT1/ros_ws/install/setup.bash'
[4.224s] INFO:colcon.colcon_core.shell:Creating prefix script '/home/samuele-isaia/università/RT1/ros_ws/install/local_setup.zsh'
[4.225s] INFO:colcon.colcon_core.shell:Creating prefix chain script '/home/samuele-isaia/università/RT1/ros_ws/install/setup.zsh'
