[3.516s] DEBUG:colcon:Command line arguments: ['/usr/bin/colcon', 'build']
[3.516s] DEBUG:colcon:Parsed command line arguments: Namespace(log_base=None, log_level=None, verb_name='build', build_base='build', install_base='install', merge_install=False, symlink_install=False, test_result_base=None, continue_on_error=False, executor='parallel', parallel_workers=16, event_handlers=None, ignore_user_meta=False, metas=['./colcon.meta'], base_paths=['.'], packages_ignore=None, packages_ignore_regex=None, paths=None, packages_up_to=None, packages_up_to_regex=None, packages_above=None, packages_above_and_dependencies=None, packages_above_depth=None, packages_select_by_dep=None, packages_skip_by_dep=None, packages_skip_up_to=None, packages_select_build_failed=False, packages_skip_build_finished=False, packages_select_test_failures=False, packages_skip_test_passed=False, packages_select=None, packages_skip=None, packages_select_regex=None, packages_skip_regex=None, packages_start=None, packages_end=None, allow_overriding=[], cmake_args=None, cmake_target=None, cmake_target_skip_unavailable=False, cmake_clean_cache=False, cmake_clean_first=False, cmake_force_configure=False, ament_cmake_args=None, catkin_cmake_args=None, catkin_skip_building_tests=False, mixin_files=None, mixin=None, verb_parser=<colcon_mixin.mixin.mixin_argument.MixinArgumentDecorator object at 0x7e50da542e10>, verb_extension=<colcon_core.verb.build.BuildVerb object at 0x7e50da66f230>, main=<bound method BuildVerb.main of <colcon_core.verb.build.BuildVerb object at 0x7e50da66f230>>, mixin_verb=('build',))
[4.210s] Level 1:colcon.colcon_core.package_discovery:discover_packages(colcon_meta) check parameters
[4.211s] Level 1:colcon.colcon_core.package_discovery:discover_packages(recursive) check parameters
[4.211s] Level 1:colcon.colcon_core.package_discovery:discover_packages(ignore) check parameters
[4.211s] Level 1:colcon.colcon_core.package_discovery:discover_packages(path) check parameters
[4.211s] Level 1:colcon.colcon_core.package_discovery:discover_packages(colcon_meta) discover
[4.211s] Level 1:colcon.colcon_core.package_discovery:discover_packages(recursive) discover
[4.211s] INFO:colcon.colcon_core.package_discovery:Crawling recursively for packages in '/home/samuele-isaia/università/RT1/ros_ws'
[4.211s] Level 1:colcon.colcon_core.package_identification:_identify(.) by extensions ['ignore', 'ignore_ament_install']
[4.212s] Level 1:colcon.colcon_core.package_identification:_identify(.) by extension 'ignore'
[4.212s] Level 1:colcon.colcon_core.package_identification:_identify(.) by extension 'ignore_ament_install'
[4.212s] Level 1:colcon.colcon_core.package_identification:_identify(.) by extensions ['colcon_pkg']
[4.212s] Level 1:colcon.colcon_core.package_identification:_identify(.) by extension 'colcon_pkg'
[4.212s] Level 1:colcon.colcon_core.package_identification:_identify(.) by extensions ['colcon_meta']
[4.212s] Level 1:colcon.colcon_core.package_identification:_identify(.) by extension 'colcon_meta'
[4.212s] Level 1:colcon.colcon_core.package_identification:_identify(.) by extensions ['ros']
[4.212s] Level 1:colcon.colcon_core.package_identification:_identify(.) by extension 'ros'
[4.378s] Level 1:colcon.colcon_core.package_identification:_identify(.) by extensions ['cmake', 'python']
[4.378s] Level 1:colcon.colcon_core.package_identification:_identify(.) by extension 'cmake'
[4.378s] Level 1:colcon.colcon_core.package_identification:_identify(.) by extension 'python'
[4.379s] Level 1:colcon.colcon_core.package_identification:_identify(.) by extensions ['python_setup_py']
[4.379s] Level 1:colcon.colcon_core.package_identification:_identify(.) by extension 'python_setup_py'
[4.379s] Level 1:colcon.colcon_core.package_identification:_identify(build) by extensions ['ignore', 'ignore_ament_install']
[4.379s] Level 1:colcon.colcon_core.package_identification:_identify(build) by extension 'ignore'
[4.379s] Level 1:colcon.colcon_core.package_identification:_identify(build) ignored
[4.379s] Level 1:colcon.colcon_core.package_identification:_identify(install) by extensions ['ignore', 'ignore_ament_install']
[4.379s] Level 1:colcon.colcon_core.package_identification:_identify(install) by extension 'ignore'
[4.379s] Level 1:colcon.colcon_core.package_identification:_identify(install) ignored
[4.380s] Level 1:colcon.colcon_core.package_identification:_identify(log) by extensions ['ignore', 'ignore_ament_install']
[4.380s] Level 1:colcon.colcon_core.package_identification:_identify(log) by extension 'ignore'
[4.380s] Level 1:colcon.colcon_core.package_identification:_identify(log) ignored
[4.409s] Level 1:colcon.colcon_core.package_identification:_identify(src) by extensions ['ignore', 'ignore_ament_install']
[4.409s] Level 1:colcon.colcon_core.package_identification:_identify(src) by extension 'ignore'
[4.409s] Level 1:colcon.colcon_core.package_identification:_identify(src) by extension 'ignore_ament_install'
[4.409s] Level 1:colcon.colcon_core.package_identification:_identify(src) by extensions ['colcon_pkg']
[4.409s] Level 1:colcon.colcon_core.package_identification:_identify(src) by extension 'colcon_pkg'
[4.409s] Level 1:colcon.colcon_core.package_identification:_identify(src) by extensions ['colcon_meta']
[4.409s] Level 1:colcon.colcon_core.package_identification:_identify(src) by extension 'colcon_meta'
[4.409s] Level 1:colcon.colcon_core.package_identification:_identify(src) by extensions ['ros']
[4.409s] Level 1:colcon.colcon_core.package_identification:_identify(src) by extension 'ros'
[4.410s] Level 1:colcon.colcon_core.package_identification:_identify(src) by extensions ['cmake', 'python']
[4.410s] Level 1:colcon.colcon_core.package_identification:_identify(src) by extension 'cmake'
[4.410s] Level 1:colcon.colcon_core.package_identification:_identify(src) by extension 'python'
[4.410s] Level 1:colcon.colcon_core.package_identification:_identify(src) by extensions ['python_setup_py']
[4.410s] Level 1:colcon.colcon_core.package_identification:_identify(src) by extension 'python_setup_py'
[4.411s] Level 1:colcon.colcon_core.package_identification:_identify(src/assignment1_rt) by extensions ['ignore', 'ignore_ament_install']
[4.411s] Level 1:colcon.colcon_core.package_identification:_identify(src/assignment1_rt) by extension 'ignore'
[4.411s] Level 1:colcon.colcon_core.package_identification:_identify(src/assignment1_rt) by extension 'ignore_ament_install'
[4.411s] Level 1:colcon.colcon_core.package_identification:_identify(src/assignment1_rt) by extensions ['colcon_pkg']
[4.411s] Level 1:colcon.colcon_core.package_identification:_identify(src/assignment1_rt) by extension 'colcon_pkg'
[4.411s] Level 1:colcon.colcon_core.package_identification:_identify(src/assignment1_rt) by extensions ['colcon_meta']
[4.412s] Level 1:colcon.colcon_core.package_identification:_identify(src/assignment1_rt) by extension 'colcon_meta'
[4.412s] Level 1:colcon.colcon_core.package_identification:_identify(src/assignment1_rt) by extensions ['ros']
[4.412s] Level 1:colcon.colcon_core.package_identification:_identify(src/assignment1_rt) by extension 'ros'
[4.470s] DEBUG:colcon.colcon_core.package_identification:Package 'src/assignment1_rt' with type 'ros.ament_cmake' and name 'assignment1_rt'
[4.470s] Level 1:colcon.colcon_core.package_discovery:discover_packages(recursive) using defaults
[4.470s] Level 1:colcon.colcon_core.package_discovery:discover_packages(ignore) discover
[4.470s] Level 1:colcon.colcon_core.package_discovery:discover_packages(ignore) using defaults
[4.470s] Level 1:colcon.colcon_core.package_discovery:discover_packages(path) discover
[4.470s] Level 1:colcon.colcon_core.package_discovery:discover_packages(path) using defaults
[4.893s] Level 1:colcon.colcon_core.package_discovery:discover_packages(prefix_path) check parameters
[4.893s] Level 1:colcon.colcon_core.package_discovery:discover_packages(prefix_path) discover
[4.908s] Level 1:colcon.colcon_core.package_discovery:discover_packages(prefix_path) using defaults
[4.911s] Level 5:colcon.colcon_core.verb:set package 'assignment1_rt' build argument 'cmake_args' from command line to 'None'
[4.911s] Level 5:colcon.colcon_core.verb:set package 'assignment1_rt' build argument 'cmake_target' from command line to 'None'
[4.911s] Level 5:colcon.colcon_core.verb:set package 'assignment1_rt' build argument 'cmake_target_skip_unavailable' from command line to 'False'
[4.911s] Level 5:colcon.colcon_core.verb:set package 'assignment1_rt' build argument 'cmake_clean_cache' from command line to 'False'
[4.911s] Level 5:colcon.colcon_core.verb:set package 'assignment1_rt' build argument 'cmake_clean_first' from command line to 'False'
[4.911s] Level 5:colcon.colcon_core.verb:set package 'assignment1_rt' build argument 'cmake_force_configure' from command line to 'False'
[4.911s] Level 5:colcon.colcon_core.verb:set package 'assignment1_rt' build argument 'ament_cmake_args' from command line to 'None'
[4.911s] Level 5:colcon.colcon_core.verb:set package 'assignment1_rt' build argument 'catkin_cmake_args' from command line to 'None'
[4.911s] Level 5:colcon.colcon_core.verb:set package 'assignment1_rt' build argument 'catkin_skip_building_tests' from command line to 'False'
[4.911s] DEBUG:colcon.colcon_core.verb:Building package 'assignment1_rt' with the following arguments: {'ament_cmake_args': None, 'build_base': '/home/samuele-isaia/università/RT1/ros_ws/build/assignment1_rt', 'catkin_cmake_args': None, 'catkin_skip_building_tests': False, 'cmake_args': None, 'cmake_clean_cache': False, 'cmake_clean_first': False, 'cmake_force_configure': False, 'cmake_target': None, 'cmake_target_skip_unavailable': False, 'install_base': '/home/samuele-isaia/università/RT1/ros_ws/install/assignment1_rt', 'merge_install': False, 'path': '/home/samuele-isaia/università/RT1/ros_ws/src/assignment1_rt', 'symlink_install': False, 'test_result_base': None}
[4.912s] INFO:colcon.colcon_core.executor:Executing jobs using 'parallel' executor
[4.913s] DEBUG:colcon.colcon_parallel_executor.executor.parallel:run_until_complete
[4.914s] INFO:colcon.colcon_ros.task.ament_cmake.build:Building ROS package in '/home/samuele-isaia/università/RT1/ros_ws/src/assignment1_rt' with build type 'ament_cmake'
[4.914s] INFO:colcon.colcon_cmake.task.cmake.build:Building CMake package in '/home/samuele-isaia/università/RT1/ros_ws/src/assignment1_rt'
[4.962s] INFO:colcon.colcon_core.plugin_system:Skipping extension 'colcon_core.shell.bat': Not used on non-Windows systems
[4.962s] INFO:colcon.colcon_core.shell:Skip shell extension 'powershell' for command environment: Not usable outside of PowerShell
[4.962s] DEBUG:colcon.colcon_core.shell:Skip shell extension 'dsv' for command environment
[5.048s] DEBUG:colcon.colcon_core.event_handler.log_command:Invoking command in '/home/samuele-isaia/università/RT1/ros_ws/build/assignment1_rt': DEBUGINFOD_URLS=https://debuginfod.ubuntu.com /usr/bin/cmake --build /home/samuele-isaia/università/RT1/ros_ws/build/assignment1_rt -- -j16 -l16
[6.966s] DEBUG:colcon.colcon_core.event_handler.log_command:Invoked command in '/home/samuele-isaia/università/RT1/ros_ws/build/assignment1_rt' returned '0': DEBUGINFOD_URLS=https://debuginfod.ubuntu.com /usr/bin/cmake --build /home/samuele-isaia/università/RT1/ros_ws/build/assignment1_rt -- -j16 -l16
[7.028s] DEBUG:colcon.colcon_core.event_handler.log_command:Invoking command in '/home/samuele-isaia/università/RT1/ros_ws/build/assignment1_rt': DEBUGINFOD_URLS=https://debuginfod.ubuntu.com /usr/bin/cmake --install /home/samuele-isaia/università/RT1/ros_ws/build/assignment1_rt
[7.247s] Level 1:colcon.colcon_core.environment:create_environment_scripts_only(assignment1_rt)
[7.248s] DEBUG:colcon.colcon_core.event_handler.log_command:Invoked command in '/home/samuele-isaia/università/RT1/ros_ws/build/assignment1_rt' returned '0': DEBUGINFOD_URLS=https://debuginfod.ubuntu.com /usr/bin/cmake --install /home/samuele-isaia/università/RT1/ros_ws/build/assignment1_rt
[7.344s] Level 1:colcon.colcon_core.environment:checking '/home/samuele-isaia/università/RT1/ros_ws/install/assignment1_rt' for CMake module files
[7.346s] Level 1:colcon.colcon_core.environment:checking '/home/samuele-isaia/università/RT1/ros_ws/install/assignment1_rt' for CMake config files
[7.361s] Level 1:colcon.colcon_core.shell:create_environment_hook('assignment1_rt', 'cmake_prefix_path')
[7.361s] INFO:colcon.colcon_core.shell:Creating environment hook '/home/samuele-isaia/università/RT1/ros_ws/install/assignment1_rt/share/assignment1_rt/hook/cmake_prefix_path.ps1'
[7.397s] INFO:colcon.colcon_core.shell:Creating environment descriptor '/home/samuele-isaia/università/RT1/ros_ws/install/assignment1_rt/share/assignment1_rt/hook/cmake_prefix_path.dsv'
[7.432s] INFO:colcon.colcon_core.shell:Creating environment hook '/home/samuele-isaia/università/RT1/ros_ws/install/assignment1_rt/share/assignment1_rt/hook/cmake_prefix_path.sh'
[7.435s] Level 1:colcon.colcon_core.environment:checking '/home/samuele-isaia/università/RT1/ros_ws/install/assignment1_rt/lib'
[7.435s] Level 1:colcon.colcon_core.environment:checking '/home/samuele-isaia/università/RT1/ros_ws/install/assignment1_rt/bin'
[7.435s] Level 1:colcon.colcon_core.environment:checking '/home/samuele-isaia/università/RT1/ros_ws/install/assignment1_rt/lib/pkgconfig/assignment1_rt.pc'
[7.474s] Level 1:colcon.colcon_core.environment:checking '/home/samuele-isaia/università/RT1/ros_ws/install/assignment1_rt/lib/python3.12/site-packages'
[7.475s] Level 1:colcon.colcon_core.environment:checking '/home/samuele-isaia/università/RT1/ros_ws/install/assignment1_rt/bin'
[7.476s] INFO:colcon.colcon_core.shell:Creating package script '/home/samuele-isaia/università/RT1/ros_ws/install/assignment1_rt/share/assignment1_rt/package.ps1'
[7.477s] INFO:colcon.colcon_core.shell:Creating package descriptor '/home/samuele-isaia/università/RT1/ros_ws/install/assignment1_rt/share/assignment1_rt/package.dsv'
[7.479s] INFO:colcon.colcon_core.shell:Creating package script '/home/samuele-isaia/università/RT1/ros_ws/install/assignment1_rt/share/assignment1_rt/package.sh'
[7.481s] INFO:colcon.colcon_core.shell:Creating package script '/home/samuele-isaia/università/RT1/ros_ws/install/assignment1_rt/share/assignment1_rt/package.bash'
[7.527s] INFO:colcon.colcon_core.shell:Creating package script '/home/samuele-isaia/università/RT1/ros_ws/install/assignment1_rt/share/assignment1_rt/package.zsh'
[7.537s] Level 1:colcon.colcon_core.environment:create_file_with_runtime_dependencies(/home/samuele-isaia/università/RT1/ros_ws/install/assignment1_rt/share/colcon-core/packages/assignment1_rt)
[7.538s] Level 1:colcon.colcon_core.environment:create_environment_scripts_only(assignment1_rt)
[7.539s] Level 1:colcon.colcon_core.environment:checking '/home/samuele-isaia/università/RT1/ros_ws/install/assignment1_rt' for CMake module files
[7.540s] Level 1:colcon.colcon_core.environment:checking '/home/samuele-isaia/università/RT1/ros_ws/install/assignment1_rt' for CMake config files
[7.540s] Level 1:colcon.colcon_core.shell:create_environment_hook('assignment1_rt', 'cmake_prefix_path')
[7.540s] INFO:colcon.colcon_core.shell:Creating environment hook '/home/samuele-isaia/università/RT1/ros_ws/install/assignment1_rt/share/assignment1_rt/hook/cmake_prefix_path.ps1'
[7.542s] INFO:colcon.colcon_core.shell:Creating environment descriptor '/home/samuele-isaia/università/RT1/ros_ws/install/assignment1_rt/share/assignment1_rt/hook/cmake_prefix_path.dsv'
[7.543s] INFO:colcon.colcon_core.shell:Creating environment hook '/home/samuele-isaia/università/RT1/ros_ws/install/assignment1_rt/share/assignment1_rt/hook/cmake_prefix_path.sh'
[7.544s] Level 1:colcon.colcon_core.environment:checking '/home/samuele-isaia/università/RT1/ros_ws/install/assignment1_rt/lib'
[7.544s] Level 1:colcon.colcon_core.environment:checking '/home/samuele-isaia/università/RT1/ros_ws/install/assignment1_rt/bin'
[7.544s] Level 1:colcon.colcon_core.environment:checking '/home/samuele-isaia/università/RT1/ros_ws/install/assignment1_rt/lib/pkgconfig/assignment1_rt.pc'
[7.545s] Level 1:colcon.colcon_core.environment:checking '/home/samuele-isaia/università/RT1/ros_ws/install/assignment1_rt/lib/python3.12/site-packages'
[7.546s] Level 1:colcon.colcon_core.environment:checking '/home/samuele-isaia/università/RT1/ros_ws/install/assignment1_rt/bin'
[7.546s] INFO:colcon.colcon_core.shell:Creating package script '/home/samuele-isaia/università/RT1/ros_ws/install/assignment1_rt/share/assignment1_rt/package.ps1'
[7.547s] INFO:colcon.colcon_core.shell:Creating package descriptor '/home/samuele-isaia/università/RT1/ros_ws/install/assignment1_rt/share/assignment1_rt/package.dsv'
[7.548s] INFO:colcon.colcon_core.shell:Creating package script '/home/samuele-isaia/università/RT1/ros_ws/install/assignment1_rt/share/assignment1_rt/package.sh'
[7.549s] INFO:colcon.colcon_core.shell:Creating package script '/home/samuele-isaia/università/RT1/ros_ws/install/assignment1_rt/share/assignment1_rt/package.bash'
[7.550s] INFO:colcon.colcon_core.shell:Creating package script '/home/samuele-isaia/università/RT1/ros_ws/install/assignment1_rt/share/assignment1_rt/package.zsh'
[7.552s] Level 1:colcon.colcon_core.environment:create_file_with_runtime_dependencies(/home/samuele-isaia/università/RT1/ros_ws/install/assignment1_rt/share/colcon-core/packages/assignment1_rt)
[7.552s] DEBUG:colcon.colcon_parallel_executor.executor.parallel:closing loop
[7.553s] DEBUG:colcon.colcon_parallel_executor.executor.parallel:loop closed
[7.553s] DEBUG:colcon.colcon_parallel_executor.executor.parallel:run_until_complete finished with '0'
[7.554s] DEBUG:colcon.colcon_core.event_reactor:joining thread
[7.643s] INFO:colcon.colcon_core.plugin_system:Skipping extension 'colcon_notification.desktop_notification.terminal_notifier': Not used on non-Darwin systems
[7.643s] INFO:colcon.colcon_core.plugin_system:Skipping extension 'colcon_notification.desktop_notification.win32': Not used on non-Windows systems
[7.644s] INFO:colcon.colcon_notification.desktop_notification:Sending desktop notification using 'notify2'
[7.678s] DEBUG:colcon.colcon_core.event_reactor:joined thread
[7.678s] INFO:colcon.colcon_core.shell:Creating prefix script '/home/samuele-isaia/università/RT1/ros_ws/install/local_setup.ps1'
[7.719s] INFO:colcon.colcon_core.shell:Creating prefix util module '/home/samuele-isaia/università/RT1/ros_ws/install/_local_setup_util_ps1.py'
[7.734s] INFO:colcon.colcon_core.shell:Creating prefix chain script '/home/samuele-isaia/università/RT1/ros_ws/install/setup.ps1'
[7.741s] INFO:colcon.colcon_core.shell:Creating prefix script '/home/samuele-isaia/università/RT1/ros_ws/install/local_setup.sh'
[7.742s] INFO:colcon.colcon_core.shell:Creating prefix util module '/home/samuele-isaia/università/RT1/ros_ws/install/_local_setup_util_sh.py'
[7.742s] INFO:colcon.colcon_core.shell:Creating prefix chain script '/home/samuele-isaia/università/RT1/ros_ws/install/setup.sh'
[7.743s] INFO:colcon.colcon_core.shell:Creating prefix script '/home/samuele-isaia/università/RT1/ros_ws/install/local_setup.bash'
[7.760s] INFO:colcon.colcon_core.shell:Creating prefix chain script '/home/samuele-isaia/università/RT1/ros_ws/install/setup.bash'
[7.761s] INFO:colcon.colcon_core.shell:Creating prefix script '/home/samuele-isaia/università/RT1/ros_ws/install/local_setup.zsh'
[7.770s] INFO:colcon.colcon_core.shell:Creating prefix chain script '/home/samuele-isaia/università/RT1/ros_ws/install/setup.zsh'
