[0.011s] Invoking command in '/home/samuele-isaia/università/RT1/ros_ws/build/assignment1_rt': CMAKE_PREFIX_PATH=${CMAKE_PREFIX_PATH}:/opt/ros/jazzy DEBUGINFOD_URLS=https://debuginfod.ubuntu.com /usr/bin/cmake --build /home/samuele-isaia/università/RT1/ros_ws/build/assignment1_rt -- -j16 -l16
[0.076s] [ 50%] Built target ui
[0.077s] [ 75%] [32mBuilding CXX object CMakeFiles/distance.dir/src/distance_node.cpp.o[0m
[8.981s] [100%] [32m[1mLinking CXX executable distance[0m
[9.483s] [100%] Built target distance
[9.497s] Invoked command in '/home/samuele-isaia/università/RT1/ros_ws/build/assignment1_rt' returned '0': CMAKE_PREFIX_PATH=${CMAKE_PREFIX_PATH}:/opt/ros/jazzy DEBUGINFOD_URLS=https://debuginfod.ubuntu.com /usr/bin/cmake --build /home/samuele-isaia/università/RT1/ros_ws/build/assignment1_rt -- -j16 -l16
[9.513s] Invoking command in '/home/samuele-isaia/università/RT1/ros_ws/build/assignment1_rt': CMAKE_PREFIX_PATH=${CMAKE_PREFIX_PATH}:/opt/ros/jazzy DEBUGINFOD_URLS=https://debuginfod.ubuntu.com /usr/bin/cmake --install /home/samuele-isaia/università/RT1/ros_ws/build/assignment1_rt
[9.520s] -- Install configuration: ""
[9.520s] -- Up-to-date: /home/samuele-isaia/università/RT1/ros_ws/install/assignment1_rt/lib/assignment1_rt/ui
[9.520s] -- Installing: /home/samuele-isaia/università/RT1/ros_ws/install/assignment1_rt/lib/assignment1_rt/distance
[9.532s] -- Set non-toolchain portion of runtime path of "/home/samuele-isaia/università/RT1/ros_ws/install/assignment1_rt/lib/assignment1_rt/distance" to ""
[9.532s] -- Up-to-date: /home/samuele-isaia/università/RT1/ros_ws/install/assignment1_rt/lib/assignment1_rt/spawn.py
[9.532s] -- Up-to-date: /home/samuele-isaia/università/RT1/ros_ws/install/assignment1_rt/share/ament_index/resource_index/package_run_dependencies/assignment1_rt
[9.533s] -- Up-to-date: /home/samuele-isaia/università/RT1/ros_ws/install/assignment1_rt/share/ament_index/resource_index/parent_prefix_path/assignment1_rt
[9.533s] -- Up-to-date: /home/samuele-isaia/università/RT1/ros_ws/install/assignment1_rt/share/assignment1_rt/environment/ament_prefix_path.sh
[9.533s] -- Up-to-date: /home/samuele-isaia/università/RT1/ros_ws/install/assignment1_rt/share/assignment1_rt/environment/ament_prefix_path.dsv
[9.533s] -- Up-to-date: /home/samuele-isaia/università/RT1/ros_ws/install/assignment1_rt/share/assignment1_rt/environment/path.sh
[9.533s] -- Up-to-date: /home/samuele-isaia/università/RT1/ros_ws/install/assignment1_rt/share/assignment1_rt/environment/path.dsv
[9.533s] -- Up-to-date: /home/samuele-isaia/università/RT1/ros_ws/install/assignment1_rt/share/assignment1_rt/local_setup.bash
[9.533s] -- Up-to-date: /home/samuele-isaia/università/RT1/ros_ws/install/assignment1_rt/share/assignment1_rt/local_setup.sh
[9.534s] -- Up-to-date: /home/samuele-isaia/università/RT1/ros_ws/install/assignment1_rt/share/assignment1_rt/local_setup.zsh
[9.534s] -- Up-to-date: /home/samuele-isaia/università/RT1/ros_ws/install/assignment1_rt/share/assignment1_rt/local_setup.dsv
[9.534s] -- Installing: /home/samuele-isaia/università/RT1/ros_ws/install/assignment1_rt/share/assignment1_rt/package.dsv
[9.534s] -- Up-to-date: /home/samuele-isaia/università/RT1/ros_ws/install/assignment1_rt/share/ament_index/resource_index/packages/assignment1_rt
[9.534s] -- Up-to-date: /home/samuele-isaia/università/RT1/ros_ws/install/assignment1_rt/share/assignment1_rt/cmake/assignment1_rtConfig.cmake
[9.534s] -- Up-to-date: /home/samuele-isaia/università/RT1/ros_ws/install/assignment1_rt/share/assignment1_rt/cmake/assignment1_rtConfig-version.cmake
[9.534s] -- Up-to-date: /home/samuele-isaia/università/RT1/ros_ws/install/assignment1_rt/share/assignment1_rt/package.xml
[9.536s] Invoked command in '/home/samuele-isaia/università/RT1/ros_ws/build/assignment1_rt' returned '0': CMAKE_PREFIX_PATH=${CMAKE_PREFIX_PATH}:/opt/ros/jazzy DEBUGINFOD_URLS=https://debuginfod.ubuntu.com /usr/bin/cmake --install /home/samuele-isaia/università/RT1/ros_ws/build/assignment1_rt
