[0.009s] Invoking command in '/home/samuele-isaia/università/RT1/ros_ws/build/assignment1_rt': CMAKE_PREFIX_PATH=${CMAKE_PREFIX_PATH}:/opt/ros/jazzy DEBUGINFOD_URLS=https://debuginfod.ubuntu.com /usr/bin/cmake /home/samuele-isaia/università/RT1/ros_ws/src/assignment1_rt -DCMAKE_INSTALL_PREFIX=/home/samuele-isaia/università/RT1/ros_ws/install/assignment1_rt
[0.191s] -- The C compiler identification is GNU 13.3.0
[0.301s] -- The CXX compiler identification is GNU 13.3.0
[0.440s] -- Detecting C compiler ABI info
[0.641s] -- Detecting C compiler ABI info - done
[0.669s] -- Check for working C compiler: /usr/bin/cc - skipped
[0.670s] -- Detecting C compile features
[0.689s] -- Detecting C compile features - done
[0.730s] -- Detecting CXX compiler ABI info
[0.900s] -- Detecting CXX compiler ABI info - done
[0.928s] -- Check for working CXX compiler: /usr/bin/c++ - skipped
[0.929s] -- Detecting CXX compile features
[0.930s] -- Detecting CXX compile features - done
[1.004s] -- Found ament_cmake: 2.5.4 (/opt/ros/jazzy/share/ament_cmake/cmake)
[1.238s] -- Found Python3: /usr/bin/python3 (found version "3.12.3") found components: Interpreter 
[1.600s] -- Found rclcpp: 28.1.13 (/opt/ros/jazzy/share/rclcpp/cmake)
[1.788s] -- Found rosidl_generator_c: 4.6.6 (/opt/ros/jazzy/share/rosidl_generator_c/cmake)
[1.831s] -- Found rosidl_generator_cpp: 4.6.6 (/opt/ros/jazzy/share/rosidl_generator_cpp/cmake)
[1.913s] -- Using all available rosidl_typesupport_c: rosidl_typesupport_fastrtps_c;rosidl_typesupport_introspection_c
[2.071s] -- Using all available rosidl_typesupport_cpp: rosidl_typesupport_fastrtps_cpp;rosidl_typesupport_introspection_cpp
[2.387s] -- Found rmw_implementation_cmake: 7.3.2 (/opt/ros/jazzy/share/rmw_implementation_cmake/cmake)
[2.399s] -- Found rmw_fastrtps_cpp: 8.4.3 (/opt/ros/jazzy/share/rmw_fastrtps_cpp/cmake)
[2.748s] -- Found OpenSSL: /usr/lib/x86_64-linux-gnu/libcrypto.so (found version "3.0.13")  
[2.812s] -- Found FastRTPS: /opt/ros/jazzy/include (Required is at least version "2.13") 
[2.838s] -- Using RMW implementation 'rmw_fastrtps_cpp' as default
[3.028s] -- Found turtlesim: 1.8.3 (/opt/ros/jazzy/share/turtlesim/cmake)
[3.136s] -- Found geometry_msgs: 5.3.6 (/opt/ros/jazzy/share/geometry_msgs/cmake)
[3.215s] -- Found ament_lint_auto: 0.17.3 (/opt/ros/jazzy/share/ament_lint_auto/cmake)
[3.463s] -- Added test 'cppcheck' to perform static code analysis on C / C++ code
[3.463s] -- Configured cppcheck include dirs: 
[3.463s] -- Configured cppcheck exclude dirs and/or files: 
[3.474s] -- Added test 'flake8' to check Python code syntax and style conventions
[3.474s] -- Configured 'flake8' exclude dirs and/or files: 
[3.480s] -- Added test 'lint_cmake' to check CMake code style
[3.496s] -- Added test 'pep257' to check Python code against some of the docstring style conventions in PEP 257
[3.510s] -- Added test 'uncrustify' to check C / C++ code style
[3.510s] -- Configured uncrustify additional arguments: 
[3.525s] -- Added test 'xmllint' to check XML markup files
[3.537s] -- Configuring done (3.5s)
[3.599s] -- Generating done (0.0s)
[3.604s] -- Build files have been written to: /home/samuele-isaia/università/RT1/ros_ws/build/assignment1_rt
[3.617s] Invoked command in '/home/samuele-isaia/università/RT1/ros_ws/build/assignment1_rt' returned '0': CMAKE_PREFIX_PATH=${CMAKE_PREFIX_PATH}:/opt/ros/jazzy DEBUGINFOD_URLS=https://debuginfod.ubuntu.com /usr/bin/cmake /home/samuele-isaia/università/RT1/ros_ws/src/assignment1_rt -DCMAKE_INSTALL_PREFIX=/home/samuele-isaia/università/RT1/ros_ws/install/assignment1_rt
[3.619s] Invoking command in '/home/samuele-isaia/università/RT1/ros_ws/build/assignment1_rt': CMAKE_PREFIX_PATH=${CMAKE_PREFIX_PATH}:/opt/ros/jazzy DEBUGINFOD_URLS=https://debuginfod.ubuntu.com /usr/bin/cmake --build /home/samuele-isaia/università/RT1/ros_ws/build/assignment1_rt -- -j16 -l16
[3.681s] [ 50%] [32mBuilding CXX object CMakeFiles/ui.dir/src/ui_node.cpp.o[0m
[3.681s] [ 50%] [32mBuilding CXX object CMakeFiles/distance.dir/src/distance_node.cpp.o[0m
[7.333s] [ 75%] [32m[1mLinking CXX executable ui[0m
[7.537s] [ 75%] Built target ui
[12.313s] [100%] [32m[1mLinking CXX executable distance[0m
[12.804s] [100%] Built target distance
[12.818s] Invoked command in '/home/samuele-isaia/università/RT1/ros_ws/build/assignment1_rt' returned '0': CMAKE_PREFIX_PATH=${CMAKE_PREFIX_PATH}:/opt/ros/jazzy DEBUGINFOD_URLS=https://debuginfod.ubuntu.com /usr/bin/cmake --build /home/samuele-isaia/università/RT1/ros_ws/build/assignment1_rt -- -j16 -l16
[12.831s] Invoking command in '/home/samuele-isaia/università/RT1/ros_ws/build/assignment1_rt': CMAKE_PREFIX_PATH=${CMAKE_PREFIX_PATH}:/opt/ros/jazzy DEBUGINFOD_URLS=https://debuginfod.ubuntu.com /usr/bin/cmake --install /home/samuele-isaia/università/RT1/ros_ws/build/assignment1_rt
[12.840s] -- Install configuration: ""
[12.841s] -- Installing: /home/samuele-isaia/università/RT1/ros_ws/install/assignment1_rt/lib/assignment1_rt/ui
[12.842s] -- Set non-toolchain portion of runtime path of "/home/samuele-isaia/università/RT1/ros_ws/install/assignment1_rt/lib/assignment1_rt/ui" to ""
[12.842s] -- Installing: /home/samuele-isaia/università/RT1/ros_ws/install/assignment1_rt/lib/assignment1_rt/distance
[12.851s] -- Set non-toolchain portion of runtime path of "/home/samuele-isaia/università/RT1/ros_ws/install/assignment1_rt/lib/assignment1_rt/distance" to ""
[12.851s] -- Installing: /home/samuele-isaia/università/RT1/ros_ws/install/assignment1_rt/lib/assignment1_rt/spawn.py
[12.851s] -- Installing: /home/samuele-isaia/università/RT1/ros_ws/install/assignment1_rt/share/ament_index/resource_index/package_run_dependencies/assignment1_rt
[12.851s] -- Installing: /home/samuele-isaia/università/RT1/ros_ws/install/assignment1_rt/share/ament_index/resource_index/parent_prefix_path/assignment1_rt
[12.852s] -- Installing: /home/samuele-isaia/università/RT1/ros_ws/install/assignment1_rt/share/assignment1_rt/environment/ament_prefix_path.sh
[12.852s] -- Installing: /home/samuele-isaia/università/RT1/ros_ws/install/assignment1_rt/share/assignment1_rt/environment/ament_prefix_path.dsv
[12.852s] -- Installing: /home/samuele-isaia/università/RT1/ros_ws/install/assignment1_rt/share/assignment1_rt/environment/path.sh
[12.852s] -- Installing: /home/samuele-isaia/università/RT1/ros_ws/install/assignment1_rt/share/assignment1_rt/environment/path.dsv
[12.852s] -- Installing: /home/samuele-isaia/università/RT1/ros_ws/install/assignment1_rt/share/assignment1_rt/local_setup.bash
[12.853s] -- Installing: /home/samuele-isaia/università/RT1/ros_ws/install/assignment1_rt/share/assignment1_rt/local_setup.sh
[12.853s] -- Installing: /home/samuele-isaia/università/RT1/ros_ws/install/assignment1_rt/share/assignment1_rt/local_setup.zsh
[12.853s] -- Installing: /home/samuele-isaia/università/RT1/ros_ws/install/assignment1_rt/share/assignment1_rt/local_setup.dsv
[12.853s] -- Installing: /home/samuele-isaia/università/RT1/ros_ws/install/assignment1_rt/share/assignment1_rt/package.dsv
[12.853s] -- Installing: /home/samuele-isaia/università/RT1/ros_ws/install/assignment1_rt/share/ament_index/resource_index/packages/assignment1_rt
[12.854s] -- Installing: /home/samuele-isaia/università/RT1/ros_ws/install/assignment1_rt/share/assignment1_rt/cmake/assignment1_rtConfig.cmake
[12.854s] -- Installing: /home/samuele-isaia/università/RT1/ros_ws/install/assignment1_rt/share/assignment1_rt/cmake/assignment1_rtConfig-version.cmake
[12.854s] -- Installing: /home/samuele-isaia/università/RT1/ros_ws/install/assignment1_rt/share/assignment1_rt/package.xml
[12.857s] Invoked command in '/home/samuele-isaia/università/RT1/ros_ws/build/assignment1_rt' returned '0': CMAKE_PREFIX_PATH=${CMAKE_PREFIX_PATH}:/opt/ros/jazzy DEBUGINFOD_URLS=https://debuginfod.ubuntu.com /usr/bin/cmake --install /home/samuele-isaia/università/RT1/ros_ws/build/assignment1_rt
