[100%] Built target distance
[100%] Built target ui
-- Install configuration: ""
-- Up-to-date: /home/samuele-isaia/università/RT1/ros_ws/install/assignment1_rt/lib/assignment1_rt/ui
-- Up-to-date: /home/samuele-isaia/università/RT1/ros_ws/install/assignment1_rt/lib/assignment1_rt/distance
-- Up-to-date: /home/samuele-isaia/università/RT1/ros_ws/install/assignment1_rt/lib/assignment1_rt/spawn.py
-- Up-to-date: /home/samuele-isaia/università/RT1/ros_ws/install/assignment1_rt/share/ament_index/resource_index/package_run_dependencies/assignment1_rt
-- Up-to-date: /home/samuele-isaia/università/RT1/ros_ws/install/assignment1_rt/share/ament_index/resource_index/parent_prefix_path/assignment1_rt
-- Up-to-date: /home/samuele-isaia/università/RT1/ros_ws/install/assignment1_rt/share/assignment1_rt/environment/ament_prefix_path.sh
-- Up-to-date: /home/samuele-isaia/università/RT1/ros_ws/install/assignment1_rt/share/assignment1_rt/environment/ament_prefix_path.dsv
-- Up-to-date: /home/samuele-isaia/università/RT1/ros_ws/install/assignment1_rt/share/assignment1_rt/environment/path.sh
-- Up-to-date: /home/samuele-isaia/università/RT1/ros_ws/install/assignment1_rt/share/assignment1_rt/environment/path.dsv
-- Up-to-date: /home/samuele-isaia/università/RT1/ros_ws/install/assignment1_rt/share/assignment1_rt/local_setup.bash
-- Up-to-date: /home/samuele-isaia/università/RT1/ros_ws/install/assignment1_rt/share/assignment1_rt/local_setup.sh
-- Up-to-date: /home/samuele-isaia/università/RT1/ros_ws/install/assignment1_rt/share/assignment1_rt/local_setup.zsh
-- Up-to-date: /home/samuele-isaia/università/RT1/ros_ws/install/assignment1_rt/share/assignment1_rt/local_setup.dsv
-- Installing: /home/samuele-isaia/università/RT1/ros_ws/install/assignment1_rt/share/assignment1_rt/package.dsv
-- Up-to-date: /home/samuele-isaia/università/RT1/ros_ws/install/assignment1_rt/share/ament_index/resource_index/packages/assignment1_rt
-- Up-to-date: /home/samuele-isaia/università/RT1/ros_ws/install/assignment1_rt/share/assignment1_rt/cmake/assignment1_rtConfig.cmake
-- Up-to-date: /home/samuele-isaia/università/RT1/ros_ws/install/assignment1_rt/share/assignment1_rt/cmake/assignment1_rtConfig-version.cmake
-- Up-to-date: /home/samuele-isaia/università/RT1/ros_ws/install/assignment1_rt/share/assignment1_rt/package.xml
