[0.008s] Invoking command in '/home/samuele-isaia/università/RT1/ros_ws/build/assignment1_rt': DEBUGINFOD_URLS=https://debuginfod.ubuntu.com /usr/bin/cmake /home/samuele-isaia/università/RT1/ros_ws/src/assignment1_rt -DCMAKE_INSTALL_PREFIX=/home/samuele-isaia/università/RT1/ros_ws/install/assignment1_rt
[1.453s] -- The C compiler identification is GNU 13.3.0
[2.940s] -- The CXX compiler identification is GNU 13.3.0
[3.179s] -- Detecting C compiler ABI info
[3.585s] -- Detecting C compiler ABI info - done
[3.613s] -- Check for working C compiler: /usr/bin/cc - skipped
[3.614s] -- Detecting C compile features
[3.640s] -- Detecting C compile features - done
[3.691s] -- Detecting CXX compiler ABI info
[3.898s] -- Detecting CXX compiler ABI info - done
[3.928s] -- Check for working CXX compiler: /usr/bin/c++ - skipped
[3.929s] -- Detecting CXX compile features
[3.930s] -- Detecting CXX compile features - done
[3.986s] [31mCMake Error at CMakeLists.txt:9 (find_package):
[3.986s]   By not providing "Findament_cmake.cmake" in CMAKE_MODULE_PATH this project
[3.987s]   has asked CMake to find a package configuration file provided by
[3.987s]   "ament_cmake", but CMake did not find one.
[3.987s] 
[3.987s]   Could not find a package configuration file provided by "ament_cmake" with
[3.987s]   any of the following names:
[3.987s] 
[3.987s]     ament_cmakeConfig.cmake
[3.987s]     ament_cmake-config.cmake
[3.988s] 
[3.988s]   Add the installation prefix of "ament_cmake" to CMAKE_PREFIX_PATH or set
[3.988s]   "ament_cmake_DIR" to a directory containing one of the above files.  If
[3.988s]   "ament_cmake" provides a separate development package or SDK, be sure it
[3.988s]   has been installed.
[3.988s] 
[3.988s] [0m
[3.988s] -- Configuring incomplete, errors occurred!
[3.993s] Invoked command in '/home/samuele-isaia/università/RT1/ros_ws/build/assignment1_rt' returned '1': DEBUGINFOD_URLS=https://debuginfod.ubuntu.com /usr/bin/cmake /home/samuele-isaia/università/RT1/ros_ws/src/assignment1_rt -DCMAKE_INSTALL_PREFIX=/home/samuele-isaia/università/RT1/ros_ws/install/assignment1_rt
