[3.430s] DEBUG:colcon:Command line arguments: ['/usr/bin/colcon', 'build']
[3.430s] DEBUG:colcon:Parsed command line arguments: Namespace(log_base=None, log_level=None, verb_name='build', build_base='build', install_base='install', merge_install=False, symlink_install=False, test_result_base=None, continue_on_error=False, executor='parallel', parallel_workers=16, event_handlers=None, ignore_user_meta=False, metas=['./colcon.meta'], base_paths=['.'], packages_ignore=None, packages_ignore_regex=None, paths=None, packages_up_to=None, packages_up_to_regex=None, packages_above=None, packages_above_and_dependencies=None, packages_above_depth=None, packages_select_by_dep=None, packages_skip_by_dep=None, packages_skip_up_to=None, packages_select_build_failed=False, packages_skip_build_finished=False, packages_select_test_failures=False, packages_skip_test_passed=False, packages_select=None, packages_skip=None, packages_select_regex=None, packages_skip_regex=None, packages_start=None, packages_end=None, allow_overriding=[], cmake_args=None, cmake_target=None, cmake_target_skip_unavailable=False, cmake_clean_cache=False, cmake_clean_first=False, cmake_force_configure=False, ament_cmake_args=None, catkin_cmake_args=None, catkin_skip_building_tests=False, mixin_files=None, mixin=None, verb_parser=<colcon_mixin.mixin.mixin_argument.MixinArgumentDecorator object at 0x7b953994abd0>, verb_extension=<colcon_core.verb.build.BuildVerb object at 0x7b9539af4710>, main=<bound method BuildVerb.main of <colcon_core.verb.build.BuildVerb object at 0x7b9539af4710>>, mixin_verb=('build',))
[3.924s] Level 1:colcon.colcon_core.package_discovery:discover_packages(colcon_meta) check parameters
[3.924s] Level 1:colcon.colcon_core.package_discovery:discover_packages(recursive) check parameters
[3.924s] Level 1:colcon.colcon_core.package_discovery:discover_packages(ignore) check parameters
[3.924s] Level 1:colcon.colcon_core.package_discovery:discover_packages(path) check parameters
[3.924s] Level 1:colcon.colcon_core.package_discovery:discover_packages(colcon_meta) discover
[3.925s] Level 1:colcon.colcon_core.package_discovery:discover_packages(recursive) discover
[3.925s] INFO:colcon.colcon_core.package_discovery:Crawling recursively for packages in '/home/samuele-isaia/università/RT1/ros_ws'
[3.925s] Level 1:colcon.colcon_core.package_identification:_identify(.) by extensions ['ignore', 'ignore_ament_install']
[3.925s] Level 1:colcon.colcon_core.package_identification:_identify(.) by extension 'ignore'
[3.925s] Level 1:colcon.colcon_core.package_identification:_identify(.) by extension 'ignore_ament_install'
[3.926s] Level 1:colcon.colcon_core.package_identification:_identify(.) by extensions ['colcon_pkg']
[3.926s] Level 1:colcon.colcon_core.package_identification:_identify(.) by extension 'colcon_pkg'
[3.926s] Level 1:colcon.colcon_core.package_identification:_identify(.) by extensions ['colcon_meta']
[3.926s] Level 1:colcon.colcon_core.package_identification:_identify(.) by extension 'colcon_meta'
[3.926s] Level 1:colcon.colcon_core.package_identification:_identify(.) by extensions ['ros']
[3.926s] Level 1:colcon.colcon_core.package_identification:_identify(.) by extension 'ros'
[4.057s] Level 1:colcon.colcon_core.package_identification:_identify(.) by extensions ['cmake', 'python']
[4.057s] Level 1:colcon.colcon_core.package_identification:_identify(.) by extension 'cmake'
[4.057s] Level 1:colcon.colcon_core.package_identification:_identify(.) by extension 'python'
[4.057s] Level 1:colcon.colcon_core.package_identification:_identify(.) by extensions ['python_setup_py']
[4.057s] Level 1:colcon.colcon_core.package_identification:_identify(.) by extension 'python_setup_py'
[4.057s] Level 1:colcon.colcon_core.package_identification:_identify(build) by extensions ['ignore', 'ignore_ament_install']
[4.058s] Level 1:colcon.colcon_core.package_identification:_identify(build) by extension 'ignore'
[4.058s] Level 1:colcon.colcon_core.package_identification:_identify(build) ignored
[4.058s] Level 1:colcon.colcon_core.package_identification:_identify(install) by extensions ['ignore', 'ignore_ament_install']
[4.058s] Level 1:colcon.colcon_core.package_identification:_identify(install) by extension 'ignore'
[4.058s] Level 1:colcon.colcon_core.package_identification:_identify(install) ignored
[4.058s] Level 1:colcon.colcon_core.package_identification:_identify(log) by extensions ['ignore', 'ignore_ament_install']
[4.058s] Level 1:colcon.colcon_core.package_identification:_identify(log) by extension 'ignore'
[4.058s] Level 1:colcon.colcon_core.package_identification:_identify(log) ignored
[4.058s] Level 1:colcon.colcon_core.package_identification:_identify(src) by extensions ['ignore', 'ignore_ament_install']
[4.058s] Level 1:colcon.colcon_core.package_identification:_identify(src) by extension 'ignore'
[4.058s] Level 1:colcon.colcon_core.package_identification:_identify(src) by extension 'ignore_ament_install'
[4.058s] Level 1:colcon.colcon_core.package_identification:_identify(src) by extensions ['colcon_pkg']
[4.059s] Level 1:colcon.colcon_core.package_identification:_identify(src) by extension 'colcon_pkg'
[4.059s] Level 1:colcon.colcon_core.package_identification:_identify(src) by extensions ['colcon_meta']
[4.059s] Level 1:colcon.colcon_core.package_identification:_identify(src) by extension 'colcon_meta'
[4.059s] Level 1:colcon.colcon_core.package_identification:_identify(src) by extensions ['ros']
[4.059s] Level 1:colcon.colcon_core.package_identification:_identify(src) by extension 'ros'
[4.059s] Level 1:colcon.colcon_core.package_identification:_identify(src) by extensions ['cmake', 'python']
[4.059s] Level 1:colcon.colcon_core.package_identification:_identify(src) by extension 'cmake'
[4.059s] Level 1:colcon.colcon_core.package_identification:_identify(src) by extension 'python'
[4.059s] Level 1:colcon.colcon_core.package_identification:_identify(src) by extensions ['python_setup_py']
[4.059s] Level 1:colcon.colcon_core.package_identification:_identify(src) by extension 'python_setup_py'
[4.059s] Level 1:colcon.colcon_core.package_identification:_identify(src/assignment1_rt) by extensions ['ignore', 'ignore_ament_install']
[4.059s] Level 1:colcon.colcon_core.package_identification:_identify(src/assignment1_rt) by extension 'ignore'
[4.059s] Level 1:colcon.colcon_core.package_identification:_identify(src/assignment1_rt) by extension 'ignore_ament_install'
[4.059s] Level 1:colcon.colcon_core.package_identification:_identify(src/assignment1_rt) by extensions ['colcon_pkg']
[4.059s] Level 1:colcon.colcon_core.package_identification:_identify(src/assignment1_rt) by extension 'colcon_pkg'
[4.059s] Level 1:colcon.colcon_core.package_identification:_identify(src/assignment1_rt) by extensions ['colcon_meta']
[4.059s] Level 1:colcon.colcon_core.package_identification:_identify(src/assignment1_rt) by extension 'colcon_meta'
[4.059s] Level 1:colcon.colcon_core.package_identification:_identify(src/assignment1_rt) by extensions ['ros']
[4.059s] Level 1:colcon.colcon_core.package_identification:_identify(src/assignment1_rt) by extension 'ros'
[4.093s] DEBUG:colcon.colcon_core.package_identification:Package 'src/assignment1_rt' with type 'ros.ament_cmake' and name 'assignment1_rt'
[4.094s] Level 1:colcon.colcon_core.package_discovery:discover_packages(recursive) using defaults
[4.094s] Level 1:colcon.colcon_core.package_discovery:discover_packages(ignore) discover
[4.094s] Level 1:colcon.colcon_core.package_discovery:discover_packages(ignore) using defaults
[4.094s] Level 1:colcon.colcon_core.package_discovery:discover_packages(path) discover
[4.094s] Level 1:colcon.colcon_core.package_discovery:discover_packages(path) using defaults
[4.451s] Level 1:colcon.colcon_core.package_discovery:discover_packages(prefix_path) check parameters
[4.452s] Level 1:colcon.colcon_core.package_discovery:discover_packages(prefix_path) discover
[4.460s] Level 1:colcon.colcon_core.package_discovery:discover_packages(prefix_path) using defaults
[4.463s] Level 5:colcon.colcon_core.verb:set package 'assignment1_rt' build argument 'cmake_args' from command line to 'None'
[4.463s] Level 5:colcon.colcon_core.verb:set package 'assignment1_rt' build argument 'cmake_target' from command line to 'None'
[4.463s] Level 5:colcon.colcon_core.verb:set package 'assignment1_rt' build argument 'cmake_target_skip_unavailable' from command line to 'False'
[4.464s] Level 5:colcon.colcon_core.verb:set package 'assignment1_rt' build argument 'cmake_clean_cache' from command line to 'False'
[4.464s] Level 5:colcon.colcon_core.verb:set package 'assignment1_rt' build argument 'cmake_clean_first' from command line to 'False'
[4.464s] Level 5:colcon.colcon_core.verb:set package 'assignment1_rt' build argument 'cmake_force_configure' from command line to 'False'
[4.464s] Level 5:colcon.colcon_core.verb:set package 'assignment1_rt' build argument 'ament_cmake_args' from command line to 'None'
[4.464s] Level 5:colcon.colcon_core.verb:set package 'assignment1_rt' build argument 'catkin_cmake_args' from command line to 'None'
[4.464s] Level 5:colcon.colcon_core.verb:set package 'assignment1_rt' build argument 'catkin_skip_building_tests' from command line to 'False'
[4.464s] DEBUG:colcon.colcon_core.verb:Building package 'assignment1_rt' with the following arguments: {'ament_cmake_args': None, 'build_base': '/home/samuele-isaia/università/RT1/ros_ws/build/assignment1_rt', 'catkin_cmake_args': None, 'catkin_skip_building_tests': False, 'cmake_args': None, 'cmake_clean_cache': False, 'cmake_clean_first': False, 'cmake_force_configure': False, 'cmake_target': None, 'cmake_target_skip_unavailable': False, 'install_base': '/home/samuele-isaia/università/RT1/ros_ws/install/assignment1_rt', 'merge_install': False, 'path': '/home/samuele-isaia/università/RT1/ros_ws/src/assignment1_rt', 'symlink_install': False, 'test_result_base': None}
[4.464s] INFO:colcon.colcon_core.executor:Executing jobs using 'parallel' executor
[4.467s] DEBUG:colcon.colcon_parallel_executor.executor.parallel:run_until_complete
[4.468s] INFO:colcon.colcon_ros.task.ament_cmake.build:Building ROS package in '/home/samuele-isaia/università/RT1/ros_ws/src/assignment1_rt' with build type 'ament_cmake'
[4.468s] INFO:colcon.colcon_cmake.task.cmake.build:Building CMake package in '/home/samuele-isaia/università/RT1/ros_ws/src/assignment1_rt'
[4.521s] INFO:colcon.colcon_core.plugin_system:Skipping extension 'colcon_core.shell.bat': Not used on non-Windows systems
[4.521s] INFO:colcon.colcon_core.shell:Skip shell extension 'powershell' for command environment: Not usable outside of PowerShell
[4.521s] DEBUG:colcon.colcon_core.shell:Skip shell extension 'dsv' for command environment
[4.579s] DEBUG:colcon.colcon_core.event_handler.log_command:Invoking command in '/home/samuele-isaia/università/RT1/ros_ws/build/assignment1_rt': DEBUGINFOD_URLS=https://debuginfod.ubuntu.com /usr/bin/cmake --build /home/samuele-isaia/università/RT1/ros_ws/build/assignment1_rt -- -j16 -l16
[5.808s] DEBUG:colcon.colcon_core.event_handler.log_command:Invoked command in '/home/samuele-isaia/università/RT1/ros_ws/build/assignment1_rt' returned '0': DEBUGINFOD_URLS=https://debuginfod.ubuntu.com /usr/bin/cmake --build /home/samuele-isaia/università/RT1/ros_ws/build/assignment1_rt -- -j16 -l16
[5.853s] DEBUG:colcon.colcon_core.event_handler.log_command:Invoking command in '/home/samuele-isaia/università/RT1/ros_ws/build/assignment1_rt': DEBUGINFOD_URLS=https://debuginfod.ubuntu.com /usr/bin/cmake --install /home/samuele-isaia/università/RT1/ros_ws/build/assignment1_rt
[6.018s] Level 1:colcon.colcon_core.environment:create_environment_scripts_only(assignment1_rt)
[6.019s] DEBUG:colcon.colcon_core.event_handler.log_command:Invoked command in '/home/samuele-isaia/università/RT1/ros_ws/build/assignment1_rt' returned '0': DEBUGINFOD_URLS=https://debuginfod.ubuntu.com /usr/bin/cmake --install /home/samuele-isaia/università/RT1/ros_ws/build/assignment1_rt
[6.113s] Level 1:colcon.colcon_core.environment:checking '/home/samuele-isaia/università/RT1/ros_ws/install/assignment1_rt' for CMake module files
[6.115s] Level 1:colcon.colcon_core.environment:checking '/home/samuele-isaia/università/RT1/ros_ws/install/assignment1_rt' for CMake config files
[6.116s] Level 1:colcon.colcon_core.shell:create_environment_hook('assignment1_rt', 'cmake_prefix_path')
[6.116s] INFO:colcon.colcon_core.shell:Creating environment hook '/home/samuele-isaia/università/RT1/ros_ws/install/assignment1_rt/share/assignment1_rt/hook/cmake_prefix_path.ps1'
[6.144s] INFO:colcon.colcon_core.shell:Creating environment descriptor '/home/samuele-isaia/università/RT1/ros_ws/install/assignment1_rt/share/assignment1_rt/hook/cmake_prefix_path.dsv'
[6.156s] INFO:colcon.colcon_core.shell:Creating environment hook '/home/samuele-isaia/università/RT1/ros_ws/install/assignment1_rt/share/assignment1_rt/hook/cmake_prefix_path.sh'
[6.159s] Level 1:colcon.colcon_core.environment:checking '/home/samuele-isaia/università/RT1/ros_ws/install/assignment1_rt/lib'
[6.159s] Level 1:colcon.colcon_core.environment:checking '/home/samuele-isaia/università/RT1/ros_ws/install/assignment1_rt/bin'
[6.159s] Level 1:colcon.colcon_core.environment:checking '/home/samuele-isaia/università/RT1/ros_ws/install/assignment1_rt/lib/pkgconfig/assignment1_rt.pc'
[6.189s] Level 1:colcon.colcon_core.environment:checking '/home/samuele-isaia/università/RT1/ros_ws/install/assignment1_rt/lib/python3.12/site-packages'
[6.190s] Level 1:colcon.colcon_core.environment:checking '/home/samuele-isaia/università/RT1/ros_ws/install/assignment1_rt/bin'
[6.190s] INFO:colcon.colcon_core.shell:Creating package script '/home/samuele-isaia/università/RT1/ros_ws/install/assignment1_rt/share/assignment1_rt/package.ps1'
[6.192s] INFO:colcon.colcon_core.shell:Creating package descriptor '/home/samuele-isaia/università/RT1/ros_ws/install/assignment1_rt/share/assignment1_rt/package.dsv'
[6.194s] INFO:colcon.colcon_core.shell:Creating package script '/home/samuele-isaia/università/RT1/ros_ws/install/assignment1_rt/share/assignment1_rt/package.sh'
[6.196s] INFO:colcon.colcon_core.shell:Creating package script '/home/samuele-isaia/università/RT1/ros_ws/install/assignment1_rt/share/assignment1_rt/package.bash'
[6.241s] INFO:colcon.colcon_core.shell:Creating package script '/home/samuele-isaia/università/RT1/ros_ws/install/assignment1_rt/share/assignment1_rt/package.zsh'
[6.273s] Level 1:colcon.colcon_core.environment:create_file_with_runtime_dependencies(/home/samuele-isaia/università/RT1/ros_ws/install/assignment1_rt/share/colcon-core/packages/assignment1_rt)
[6.274s] Level 1:colcon.colcon_core.environment:create_environment_scripts_only(assignment1_rt)
[6.275s] Level 1:colcon.colcon_core.environment:checking '/home/samuele-isaia/università/RT1/ros_ws/install/assignment1_rt' for CMake module files
[6.276s] Level 1:colcon.colcon_core.environment:checking '/home/samuele-isaia/università/RT1/ros_ws/install/assignment1_rt' for CMake config files
[6.277s] Level 1:colcon.colcon_core.shell:create_environment_hook('assignment1_rt', 'cmake_prefix_path')
[6.278s] INFO:colcon.colcon_core.shell:Creating environment hook '/home/samuele-isaia/università/RT1/ros_ws/install/assignment1_rt/share/assignment1_rt/hook/cmake_prefix_path.ps1'
[6.279s] INFO:colcon.colcon_core.shell:Creating environment descriptor '/home/samuele-isaia/università/RT1/ros_ws/install/assignment1_rt/share/assignment1_rt/hook/cmake_prefix_path.dsv'
[6.280s] INFO:colcon.colcon_core.shell:Creating environment hook '/home/samuele-isaia/università/RT1/ros_ws/install/assignment1_rt/share/assignment1_rt/hook/cmake_prefix_path.sh'
[6.281s] Level 1:colcon.colcon_core.environment:checking '/home/samuele-isaia/università/RT1/ros_ws/install/assignment1_rt/lib'
[6.282s] Level 1:colcon.colcon_core.environment:checking '/home/samuele-isaia/università/RT1/ros_ws/install/assignment1_rt/bin'
[6.282s] Level 1:colcon.colcon_core.environment:checking '/home/samuele-isaia/università/RT1/ros_ws/install/assignment1_rt/lib/pkgconfig/assignment1_rt.pc'
[6.282s] Level 1:colcon.colcon_core.environment:checking '/home/samuele-isaia/università/RT1/ros_ws/install/assignment1_rt/lib/python3.12/site-packages'
[6.283s] Level 1:colcon.colcon_core.environment:checking '/home/samuele-isaia/università/RT1/ros_ws/install/assignment1_rt/bin'
[6.284s] INFO:colcon.colcon_core.shell:Creating package script '/home/samuele-isaia/università/RT1/ros_ws/install/assignment1_rt/share/assignment1_rt/package.ps1'
[6.285s] INFO:colcon.colcon_core.shell:Creating package descriptor '/home/samuele-isaia/università/RT1/ros_ws/install/assignment1_rt/share/assignment1_rt/package.dsv'
[6.286s] INFO:colcon.colcon_core.shell:Creating package script '/home/samuele-isaia/università/RT1/ros_ws/install/assignment1_rt/share/assignment1_rt/package.sh'
[6.287s] INFO:colcon.colcon_core.shell:Creating package script '/home/samuele-isaia/università/RT1/ros_ws/install/assignment1_rt/share/assignment1_rt/package.bash'
[6.287s] INFO:colcon.colcon_core.shell:Creating package script '/home/samuele-isaia/università/RT1/ros_ws/install/assignment1_rt/share/assignment1_rt/package.zsh'
[6.289s] Level 1:colcon.colcon_core.environment:create_file_with_runtime_dependencies(/home/samuele-isaia/università/RT1/ros_ws/install/assignment1_rt/share/colcon-core/packages/assignment1_rt)
[6.289s] DEBUG:colcon.colcon_parallel_executor.executor.parallel:closing loop
[6.290s] DEBUG:colcon.colcon_parallel_executor.executor.parallel:loop closed
[6.290s] DEBUG:colcon.colcon_parallel_executor.executor.parallel:run_until_complete finished with '0'
[6.291s] DEBUG:colcon.colcon_core.event_reactor:joining thread
[6.391s] INFO:colcon.colcon_core.plugin_system:Skipping extension 'colcon_notification.desktop_notification.terminal_notifier': Not used on non-Darwin systems
[6.391s] INFO:colcon.colcon_core.plugin_system:Skipping extension 'colcon_notification.desktop_notification.win32': Not used on non-Windows systems
[6.391s] INFO:colcon.colcon_notification.desktop_notification:Sending desktop notification using 'notify2'
[6.442s] DEBUG:colcon.colcon_core.event_reactor:joined thread
[6.442s] INFO:colcon.colcon_core.shell:Creating prefix script '/home/samuele-isaia/università/RT1/ros_ws/install/local_setup.ps1'
[6.477s] INFO:colcon.colcon_core.shell:Creating prefix util module '/home/samuele-isaia/università/RT1/ros_ws/install/_local_setup_util_ps1.py'
[6.491s] INFO:colcon.colcon_core.shell:Creating prefix chain script '/home/samuele-isaia/università/RT1/ros_ws/install/setup.ps1'
[6.499s] INFO:colcon.colcon_core.shell:Creating prefix script '/home/samuele-isaia/università/RT1/ros_ws/install/local_setup.sh'
[6.501s] INFO:colcon.colcon_core.shell:Creating prefix util module '/home/samuele-isaia/università/RT1/ros_ws/install/_local_setup_util_sh.py'
[6.502s] INFO:colcon.colcon_core.shell:Creating prefix chain script '/home/samuele-isaia/università/RT1/ros_ws/install/setup.sh'
[6.504s] INFO:colcon.colcon_core.shell:Creating prefix script '/home/samuele-isaia/università/RT1/ros_ws/install/local_setup.bash'
[6.529s] INFO:colcon.colcon_core.shell:Creating prefix chain script '/home/samuele-isaia/università/RT1/ros_ws/install/setup.bash'
[6.531s] INFO:colcon.colcon_core.shell:Creating prefix script '/home/samuele-isaia/università/RT1/ros_ws/install/local_setup.zsh'
[6.539s] INFO:colcon.colcon_core.shell:Creating prefix chain script '/home/samuele-isaia/università/RT1/ros_ws/install/setup.zsh'
